<?xml version="1.0" encoding="UTF-8"?>
<testsuite name="Test sur la proposition:" tests="7" skipped="0" failures="0" errors="0" timestamp="2024-10-14T17:59:51" hostname="DESKTOP-76CE7TH" time="0.024">
  <properties/>
  <testcase name="une lettre est incorrecte" classname="org.iut.mastermind.domain.proposition.TestProposition" time="0.002"/>
  <testcase name="toutes les lettres sont placÃ©es" classname="org.iut.mastermind.domain.proposition.TestProposition" time="0.001"/>
  <testcase name="une lettre est incorrecte, non placÃ©e, placÃ©e" classname="org.iut.mastermind.domain.proposition.TestProposition" time="0.002"/>
  <testcase name="vÃ©rifie la taille du rÃ©sultat" classname="org.iut.mastermind.domain.proposition.TestProposition" time="0.008"/>
  <testcase name="une lettre est placÃ©e" classname="org.iut.mastermind.domain.proposition.TestProposition" time="0.001"/>
  <testcase name="une lettre est incorrecte, une non placÃ©e" classname="org.iut.mastermind.domain.proposition.TestProposition" time="0.001"/>
  <testcase name="la proposition n'est pas correcte" classname="org.iut.mastermind.domain.proposition.TestProposition" time="0.001"/>
  <system-out><![CDATA[]]></system-out>
  <system-err><![CDATA[]]></system-err>
</testsuite>
