<?xml version="1.0" encoding="UTF-8"?>
<testsuite name="Test du tirage alÃ©atoire:" tests="1" skipped="0" failures="0" errors="0" timestamp="2024-10-14T17:59:51" hostname="DESKTOP-76CE7TH" time="0.008">
  <properties/>
  <testcase name="renvoie un mot de maniÃ¨re alÃ©atoire" classname="org.iut.mastermind.domain.tirage.TestServiceTirageMot" time="0.008"/>
  <system-out><![CDATA[]]></system-out>
  <system-err><![CDATA[]]></system-err>
</testsuite>
